#
# There is insufficient memory for the Java Runtime Environment to continue.
# Native memory allocation (malloc) failed to allocate 32744 bytes for ChunkPool::allocate
# Possible reasons:
#   The system is out of physical RAM or swap space
#   The process is running with CompressedOops enabled, and the Java Heap may be blocking the growth of the native heap
# Possible solutions:
#   Reduce memory load on the system
#   Increase physical memory or swap space
#   Check if swap backing store is full
#   Decrease Java heap size (-Xmx/-Xms)
#   Decrease number of Java threads
#   Decrease Java thread stack sizes (-Xss)
#   Set larger code cache with -XX:ReservedCodeCacheSize=
#   JVM is running with Unscaled Compressed Oops mode in which the Java heap is
#     placed in the first 4GB address space. The Java Heap base address is the
#     maximum limit for the native heap growth. Please use -XX:HeapBaseMinAddress
#     to set the Java Heap base and to place the Java Heap above 4GB virtual address.
# This output file may be truncated or incomplete.
#
#  Out of Memory Error (./open/src/hotspot/share/memory/arena.cpp:79), pid=9036, tid=704
#
# JRE version: OpenJDK Runtime Environment (15.0.2+7) (build 15.0.2+7-27)
# Java VM: OpenJDK 64-Bit Server VM (15.0.2+7-27, mixed mode, sharing, tiered, compressed oops, g1 gc, windows-amd64)
# No core dump will be written. Minidumps are not enabled by default on client versions of Windows
#

---------------  S U M M A R Y ------------

Command Line: -XX:TieredStopAtLevel=1 -Xverify:none -Dspring.output.ansi.enabled=always -javaagent:C:\Program Files\JetBrains\IntelliJ IDEA 2021.1.1\lib\idea_rt.jar=60175:C:\Program Files\JetBrains\IntelliJ IDEA 2021.1.1\bin -Dcom.sun.management.jmxremote -Dspring.jmx.enabled=true -Dspring.liveBeansView.mbeanDomain -Dspring.application.admin.enabled=true -Dfile.encoding=UTF-8 com.marsor.UniversityApplication

Host: Intel(R) Core(TM) i5-4300M CPU @ 2.60GHz, 4 cores, 7G,  Windows 10 , 64 bit Build 19041 (10.0.19041.928)
Time: Tue Oct 19 22:39:33 2021 GTB Daylight Time elapsed time: 87.306411 seconds (0d 0h 1m 27s)

---------------  T H R E A D  ---------------

Current thread (0x00000280dd7b8230):  JavaThread "C1 CompilerThread0" daemon [_thread_in_native, id=704, stack(0x000000f0ec900000,0x000000f0eca00000)]


Current CompileTask:
C1:  87306 5480   !   1       java.util.concurrent.locks.AbstractQueuedSynchronizer::acquire (407 bytes)

Stack: [0x000000f0ec900000,0x000000f0eca00000]
Native frames: (J=compiled Java code, j=interpreted, Vv=VM code, C=native code)
V  [jvm.dll+0x62ae9a]
V  [jvm.dll+0x7817a9]
V  [jvm.dll+0x782f03]
V  [jvm.dll+0x783563]
V  [jvm.dll+0x216325]
V  [jvm.dll+0x982cf]
V  [jvm.dll+0x9861c]
V  [jvm.dll+0x125280]
V  [jvm.dll+0x123bd2]
V  [jvm.dll+0x124ac1]
V  [jvm.dll+0x10f5ed]
V  [jvm.dll+0x10f890]
V  [jvm.dll+0x10fb54]
V  [jvm.dll+0x10ee92]
V  [jvm.dll+0x110d2c]
V  [jvm.dll+0x1f9225]
V  [jvm.dll+0x1f72cc]
V  [jvm.dll+0x74495d]
V  [jvm.dll+0x73d75a]
V  [jvm.dll+0x629c56]
C  [ucrtbase.dll+0x21bb2]
C  [KERNEL32.DLL+0x17034]
C  [ntdll.dll+0x52651]


---------------  P R O C E S S  ---------------

Threads class SMR info:
_java_thread_list=0x00000280e24ecbe0, length=32, elements={
0x00000280dd797cf0, 0x00000280dd7987c0, 0x00000280dd7b1710, 0x00000280dd7b3fe0,
0x00000280dd7b78c0, 0x00000280dd7b8230, 0x00000280dd7b92d0, 0x00000280dd776890,
0x00000280de4faa00, 0x00000280de4feee0, 0x00000280de6995e0, 0x00000280dea55720,
0x00000280dea44980, 0x00000280de5db030, 0x00000280dfbf0020, 0x00000280dfbf0970,
0x00000280dfc43c10, 0x00000280dfd54870, 0x00000280dfd53060, 0x00000280dfd55210,
0x00000280dfd54d40, 0x00000280dfd55bb0, 0x00000280dfd56080, 0x00000280dfd56550,
0x00000280dfd53530, 0x00000280e258fee0, 0x00000280e25933d0, 0x00000280e2590880,
0x00000280e25916f0, 0x00000280e2594240, 0x00000280e25950b0, 0x00000280e2594be0
}

Java Threads: ( => current thread )
  0x00000280dd797cf0 JavaThread "Reference Handler" daemon [_thread_blocked, id=14864, stack(0x000000f0ec400000,0x000000f0ec500000)]
  0x00000280dd7987c0 JavaThread "Finalizer" daemon [_thread_blocked, id=680, stack(0x000000f0ec500000,0x000000f0ec600000)]
  0x00000280dd7b1710 JavaThread "Signal Dispatcher" daemon [_thread_blocked, id=12660, stack(0x000000f0ec600000,0x000000f0ec700000)]
  0x00000280dd7b3fe0 JavaThread "Attach Listener" daemon [_thread_blocked, id=2488, stack(0x000000f0ec700000,0x000000f0ec800000)]
  0x00000280dd7b78c0 JavaThread "Service Thread" daemon [_thread_blocked, id=9184, stack(0x000000f0ec800000,0x000000f0ec900000)]
=>0x00000280dd7b8230 JavaThread "C1 CompilerThread0" daemon [_thread_in_native, id=704, stack(0x000000f0ec900000,0x000000f0eca00000)]
  0x00000280dd7b92d0 JavaThread "Sweeper thread" daemon [_thread_blocked, id=3524, stack(0x000000f0eca00000,0x000000f0ecb00000)]
  0x00000280dd776890 JavaThread "Common-Cleaner" daemon [_thread_blocked, id=15784, stack(0x000000f0ecb00000,0x000000f0ecc00000)]
  0x00000280de4faa00 JavaThread "Monitor Ctrl-Break" daemon [_thread_in_native, id=8804, stack(0x000000f0ecc00000,0x000000f0ecd00000)]
  0x00000280de4feee0 JavaThread "Notification Thread" daemon [_thread_blocked, id=14948, stack(0x000000f0ecd00000,0x000000f0ece00000)]
  0x00000280de6995e0 JavaThread "RMI TCP Accept-0" daemon [_thread_in_native, id=15420, stack(0x000000f0ece00000,0x000000f0ecf00000)]
  0x00000280dea55720 JavaThread "RMI TCP Connection(idle)" daemon [_thread_blocked, id=720, stack(0x000000f0ed200000,0x000000f0ed300000)]
  0x00000280dea44980 JavaThread "RMI Scheduler(0)" daemon [_thread_blocked, id=12008, stack(0x000000f0ed300000,0x000000f0ed400000)]
  0x00000280de5db030 JavaThread "Catalina-utility-1" [_thread_blocked, id=2708, stack(0x000000f0ed400000,0x000000f0ed500000)]
  0x00000280dfbf0020 JavaThread "Catalina-utility-2" [_thread_blocked, id=14572, stack(0x000000f0ed700000,0x000000f0ed800000)]
  0x00000280dfbf0970 JavaThread "container-0" [_thread_blocked, id=8488, stack(0x000000f0ed800000,0x000000f0ed900000)]
  0x00000280dfc43c10 JavaThread "mysql-cj-abandoned-connection-cleanup" daemon [_thread_blocked, id=13040, stack(0x000000f0ed900000,0x000000f0eda00000)]
  0x00000280dfd54870 JavaThread "HikariPool-1 housekeeper" daemon [_thread_blocked, id=10280, stack(0x000000f0edb00000,0x000000f0edc00000)]
  0x00000280dfd53060 JavaThread "http-nio-8080-BlockPoller" daemon [_thread_in_native, id=16340, stack(0x000000f0edd00000,0x000000f0ede00000)]
  0x00000280dfd55210 JavaThread "http-nio-8080-exec-1" daemon [_thread_blocked, id=1468, stack(0x000000f0edf00000,0x000000f0ee000000)]
  0x00000280dfd54d40 JavaThread "http-nio-8080-exec-2" daemon [_thread_blocked, id=7284, stack(0x000000f0ee000000,0x000000f0ee100000)]
  0x00000280dfd55bb0 JavaThread "http-nio-8080-exec-3" daemon [_thread_blocked, id=15940, stack(0x000000f0ee100000,0x000000f0ee200000)]
  0x00000280dfd56080 JavaThread "http-nio-8080-exec-4" daemon [_thread_blocked, id=2520, stack(0x000000f0ee200000,0x000000f0ee300000)]
  0x00000280dfd56550 JavaThread "http-nio-8080-exec-5" daemon [_thread_blocked, id=12960, stack(0x000000f0ee300000,0x000000f0ee400000)]
  0x00000280dfd53530 JavaThread "http-nio-8080-exec-6" daemon [_thread_blocked, id=16288, stack(0x000000f0ee400000,0x000000f0ee500000)]
  0x00000280e258fee0 JavaThread "http-nio-8080-exec-7" daemon [_thread_blocked, id=11980, stack(0x000000f0ee500000,0x000000f0ee600000)]
  0x00000280e25933d0 JavaThread "http-nio-8080-exec-8" daemon [_thread_blocked, id=12484, stack(0x000000f0ee600000,0x000000f0ee700000)]
  0x00000280e2590880 JavaThread "http-nio-8080-exec-9" daemon [_thread_blocked, id=13196, stack(0x000000f0ee700000,0x000000f0ee800000)]
  0x00000280e25916f0 JavaThread "http-nio-8080-exec-10" daemon [_thread_blocked, id=12468, stack(0x000000f0ee800000,0x000000f0ee900000)]
  0x00000280e2594240 JavaThread "http-nio-8080-ClientPoller" daemon [_thread_in_native, id=13608, stack(0x000000f0ede00000,0x000000f0edf00000)]
  0x00000280e25950b0 JavaThread "http-nio-8080-Acceptor" daemon [_thread_in_native, id=12996, stack(0x000000f0ee900000,0x000000f0eea00000)]
  0x00000280e2594be0 JavaThread "DestroyJavaVM" [_thread_blocked, id=532, stack(0x000000f0ebd00000,0x000000f0ebe00000)]

Other Threads:
  0x00000280dd78e2b0 VMThread "VM Thread" [stack: 0x000000f0ec300000,0x000000f0ec400000] [id=11160]
  0x00000280bf76fde0 WatcherThread [stack: 0x000000f0ecf00000,0x000000f0ed000000] [id=1992]
  0x00000280bf7ac550 GCTaskThread "GC Thread#0" [stack: 0x000000f0ebe00000,0x000000f0ebf00000] [id=900]
  0x00000280de7b59d0 GCTaskThread "GC Thread#1" [stack: 0x000000f0ed000000,0x000000f0ed100000] [id=7968]
  0x00000280de7b36c0 GCTaskThread "GC Thread#2" [stack: 0x000000f0ed500000,0x000000f0ed600000] [id=14784]
  0x00000280de7b46b0 GCTaskThread "GC Thread#3" [stack: 0x000000f0ed600000,0x000000f0ed700000] [id=13848]
  0x00000280bf7bcce0 ConcurrentGCThread "G1 Main Marker" [stack: 0x000000f0ebf00000,0x000000f0ec000000] [id=16828]
  0x00000280bf7be8e0 ConcurrentGCThread "G1 Conc#0" [stack: 0x000000f0ec000000,0x000000f0ec100000] [id=5548]
  0x00000280bf824a50 ConcurrentGCThread "G1 Refine#0" [stack: 0x000000f0ec100000,0x000000f0ec200000] [id=16416]
  0x00000280de6a1e80 ConcurrentGCThread "G1 Refine#1" [stack: 0x000000f0ed100000,0x000000f0ed200000] [id=8396]
  0x00000280bf825650 ConcurrentGCThread "G1 Young RemSet Sampling" [stack: 0x000000f0ec200000,0x000000f0ec300000] [id=15056]

Threads with active compile tasks:
C1 CompilerThread0    87353 5480   !   1       java.util.concurrent.locks.AbstractQueuedSynchronizer::acquire (407 bytes)

VM state: not at safepoint (normal execution)

VM Mutex/Monitor currently owned by a thread: None

Heap address: 0x0000000084e00000, size: 1970 MB, Compressed Oops mode: 32-bit
CDS archive(s) mapped at: [0x0000000800000000-0x0000000800b50000-0x0000000800b50000), size 11862016, SharedBaseAddress: 0x0000000800000000, ArchiveRelocationMode: 0.
Compressed class space mapped at: 0x0000000800b50000-0x0000000840b50000, size: 1073741824
Narrow klass base: 0x0000000800000000, Narrow klass shift: 3, Narrow klass range: 0x100000000

GC Precious Log:
 CPUs: 4 total, 4 available
 Memory: 7879M
 Large Page Support: Disabled
 NUMA Support: Disabled
 Compressed Oops: Enabled (32-bit)
 Heap Region Size: 1M
 Heap Min Capacity: 8M
 Heap Initial Capacity: 124M
 Heap Max Capacity: 1970M
 Pre-touch: Disabled
 Parallel Workers: 4
 Concurrent Workers: 1
 Concurrent Refinement Workers: 4
 Periodic GC: Disabled

Heap:
 garbage-first heap   total 61440K, used 41801K [0x0000000084e00000, 0x0000000100000000)
  region size 1024K, 20 young (20480K), 4 survivors (4096K)
 Metaspace       used 53889K, capacity 54456K, committed 54576K, reserved 1095680K
  class space    used 7251K, capacity 7445K, committed 7552K, reserved 1048576K

Heap Regions: E=young(eden), S=young(survivor), O=old, HS=humongous(starts), HC=humongous(continues), CS=collection set, F=free, OA=open archive, CA=closed archive, TAMS=top-at-mark-start (previous, next)
|   0|0x0000000084e00000, 0x0000000084f00000, 0x0000000084f00000|100%|HS|  |TAMS 0x0000000084f00000, 0x0000000084e00000| Complete 
|   1|0x0000000084f00000, 0x0000000085000000, 0x0000000085000000|100%| O|  |TAMS 0x0000000085000000, 0x0000000084f00000| Untracked 
|   2|0x0000000085000000, 0x0000000085100000, 0x0000000085100000|100%| O|  |TAMS 0x0000000085100000, 0x0000000085000000| Untracked 
|   3|0x0000000085100000, 0x0000000085200000, 0x0000000085200000|100%| O|  |TAMS 0x0000000085200000, 0x0000000085100000| Untracked 
|   4|0x0000000085200000, 0x0000000085300000, 0x0000000085300000|100%| O|  |TAMS 0x0000000085300000, 0x0000000085200000| Untracked 
|   5|0x0000000085300000, 0x0000000085400000, 0x0000000085400000|100%| O|  |TAMS 0x0000000085400000, 0x0000000085300000| Untracked 
|   6|0x0000000085400000, 0x0000000085500000, 0x0000000085500000|100%| O|  |TAMS 0x0000000085500000, 0x0000000085400000| Untracked 
|   7|0x0000000085500000, 0x000000008551ac00, 0x0000000085600000| 10%| O|  |TAMS 0x000000008551ac00, 0x0000000085500000| Untracked 
|   8|0x0000000085600000, 0x0000000085700000, 0x0000000085700000|100%| O|  |TAMS 0x0000000085700000, 0x0000000085600000| Untracked 
|   9|0x0000000085700000, 0x0000000085800000, 0x0000000085800000|100%| O|  |TAMS 0x0000000085800000, 0x0000000085700000| Untracked 
|  10|0x0000000085800000, 0x0000000085900000, 0x0000000085900000|100%| O|  |TAMS 0x0000000085900000, 0x0000000085800000| Untracked 
|  11|0x0000000085900000, 0x0000000085a00000, 0x0000000085a00000|100%| O|  |TAMS 0x0000000085a00000, 0x0000000085900000| Untracked 
|  12|0x0000000085a00000, 0x0000000085b00000, 0x0000000085b00000|100%| O|  |TAMS 0x0000000085b00000, 0x0000000085a00000| Untracked 
|  13|0x0000000085b00000, 0x0000000085c00000, 0x0000000085c00000|100%| O|  |TAMS 0x0000000085c00000, 0x0000000085b00000| Untracked 
|  14|0x0000000085c00000, 0x0000000085d00000, 0x0000000085d00000|100%| O|  |TAMS 0x0000000085d00000, 0x0000000085c00000| Untracked 
|  15|0x0000000085d00000, 0x0000000085e00000, 0x0000000085e00000|100%| O|  |TAMS 0x0000000085e00000, 0x0000000085d00000| Untracked 
|  16|0x0000000085e00000, 0x0000000085f00000, 0x0000000085f00000|100%| O|  |TAMS 0x0000000085e00000, 0x0000000085e00000| Untracked 
|  17|0x0000000085f00000, 0x0000000086000000, 0x0000000086000000|100%| O|  |TAMS 0x0000000085f00000, 0x0000000085f00000| Untracked 
|  18|0x0000000086000000, 0x0000000086100000, 0x0000000086100000|100%| O|  |TAMS 0x0000000086000000, 0x0000000086000000| Untracked 
|  19|0x0000000086100000, 0x0000000086200000, 0x0000000086200000|100%| O|  |TAMS 0x0000000086100000, 0x0000000086100000| Untracked 
|  20|0x0000000086200000, 0x0000000086300000, 0x0000000086300000|100%| O|  |TAMS 0x0000000086200000, 0x0000000086200000| Untracked 
|  21|0x0000000086300000, 0x0000000086400000, 0x0000000086400000|100%| O|  |TAMS 0x0000000086300000, 0x0000000086300000| Untracked 
|  22|0x0000000086400000, 0x0000000086500000, 0x0000000086500000|100%| O|  |TAMS 0x0000000086400000, 0x0000000086400000| Untracked 
|  23|0x0000000086500000, 0x0000000086541000, 0x0000000086600000| 25%| O|  |TAMS 0x0000000086500000, 0x0000000086500000| Untracked 
|  24|0x0000000086600000, 0x0000000086600000, 0x0000000086700000|  0%| F|  |TAMS 0x0000000086600000, 0x0000000086600000| Untracked 
|  25|0x0000000086700000, 0x0000000086700000, 0x0000000086800000|  0%| F|  |TAMS 0x0000000086700000, 0x0000000086700000| Untracked 
|  26|0x0000000086800000, 0x0000000086800000, 0x0000000086900000|  0%| F|  |TAMS 0x0000000086800000, 0x0000000086800000| Untracked 
|  27|0x0000000086900000, 0x0000000086900000, 0x0000000086a00000|  0%| F|  |TAMS 0x0000000086900000, 0x0000000086900000| Untracked 
|  28|0x0000000086a00000, 0x0000000086a00000, 0x0000000086b00000|  0%| F|  |TAMS 0x0000000086a00000, 0x0000000086a00000| Untracked 
|  29|0x0000000086b00000, 0x0000000086b769c8, 0x0000000086c00000| 46%| S|CS|TAMS 0x0000000086b00000, 0x0000000086b00000| Complete 
|  30|0x0000000086c00000, 0x0000000086c00000, 0x0000000086d00000|  0%| F|  |TAMS 0x0000000086c00000, 0x0000000086c00000| Untracked 
|  31|0x0000000086d00000, 0x0000000086d00000, 0x0000000086e00000|  0%| F|  |TAMS 0x0000000086d00000, 0x0000000086d00000| Untracked 
|  32|0x0000000086e00000, 0x0000000086f00000, 0x0000000086f00000|100%| S|CS|TAMS 0x0000000086e00000, 0x0000000086e00000| Complete 
|  33|0x0000000086f00000, 0x0000000086f00000, 0x0000000087000000|  0%| F|  |TAMS 0x0000000086f00000, 0x0000000086f00000| Untracked 
|  34|0x0000000087000000, 0x0000000087000000, 0x0000000087100000|  0%| F|  |TAMS 0x0000000087000000, 0x0000000087000000| Untracked 
|  35|0x0000000087100000, 0x0000000087200000, 0x0000000087200000|100%| S|CS|TAMS 0x0000000087100000, 0x0000000087100000| Complete 
|  36|0x0000000087200000, 0x0000000087300000, 0x0000000087300000|100%| S|CS|TAMS 0x0000000087200000, 0x0000000087200000| Complete 
|  37|0x0000000087300000, 0x0000000087300000, 0x0000000087400000|  0%| F|  |TAMS 0x0000000087300000, 0x0000000087300000| Untracked 
|  38|0x0000000087400000, 0x0000000087400000, 0x0000000087500000|  0%| F|  |TAMS 0x0000000087400000, 0x0000000087400000| Untracked 
|  39|0x0000000087500000, 0x0000000087500000, 0x0000000087600000|  0%| F|  |TAMS 0x0000000087500000, 0x0000000087500000| Untracked 
|  40|0x0000000087600000, 0x0000000087600000, 0x0000000087700000|  0%| F|  |TAMS 0x0000000087600000, 0x0000000087600000| Untracked 
|  41|0x0000000087700000, 0x0000000087700000, 0x0000000087800000|  0%| F|  |TAMS 0x0000000087700000, 0x0000000087700000| Untracked 
|  42|0x0000000087800000, 0x0000000087800000, 0x0000000087900000|  0%| F|  |TAMS 0x0000000087800000, 0x0000000087800000| Untracked 
|  43|0x0000000087900000, 0x0000000087900000, 0x0000000087a00000|  0%| F|  |TAMS 0x0000000087900000, 0x0000000087900000| Untracked 
|  44|0x0000000087a00000, 0x0000000087a7c310, 0x0000000087b00000| 48%| E|  |TAMS 0x0000000087a00000, 0x0000000087a00000| Complete 
|  45|0x0000000087b00000, 0x0000000087c00000, 0x0000000087c00000|100%| E|CS|TAMS 0x0000000087b00000, 0x0000000087b00000| Complete 
|  46|0x0000000087c00000, 0x0000000087d00000, 0x0000000087d00000|100%| E|CS|TAMS 0x0000000087c00000, 0x0000000087c00000| Complete 
|  47|0x0000000087d00000, 0x0000000087e00000, 0x0000000087e00000|100%| E|CS|TAMS 0x0000000087d00000, 0x0000000087d00000| Complete 
|  48|0x0000000087e00000, 0x0000000087f00000, 0x0000000087f00000|100%| E|CS|TAMS 0x0000000087e00000, 0x0000000087e00000| Complete 
|  49|0x0000000087f00000, 0x0000000088000000, 0x0000000088000000|100%| E|CS|TAMS 0x0000000087f00000, 0x0000000087f00000| Complete 
|  50|0x0000000088000000, 0x0000000088100000, 0x0000000088100000|100%| E|CS|TAMS 0x0000000088000000, 0x0000000088000000| Complete 
|  51|0x0000000088100000, 0x0000000088200000, 0x0000000088200000|100%| E|CS|TAMS 0x0000000088100000, 0x0000000088100000| Complete 
|  52|0x0000000088200000, 0x0000000088300000, 0x0000000088300000|100%| E|CS|TAMS 0x0000000088200000, 0x0000000088200000| Complete 
|  85|0x000000008a300000, 0x000000008a400000, 0x000000008a400000|100%| E|CS|TAMS 0x000000008a300000, 0x000000008a300000| Complete 
|  86|0x000000008a400000, 0x000000008a500000, 0x000000008a500000|100%| E|CS|TAMS 0x000000008a400000, 0x000000008a400000| Complete 
|  87|0x000000008a500000, 0x000000008a600000, 0x000000008a600000|100%| E|CS|TAMS 0x000000008a500000, 0x000000008a500000| Complete 
|  88|0x000000008a600000, 0x000000008a700000, 0x000000008a700000|100%| E|CS|TAMS 0x000000008a600000, 0x000000008a600000| Complete 
|  89|0x000000008a700000, 0x000000008a800000, 0x000000008a800000|100%| E|CS|TAMS 0x000000008a700000, 0x000000008a700000| Complete 
|  90|0x000000008a800000, 0x000000008a900000, 0x000000008a900000|100%| E|CS|TAMS 0x000000008a800000, 0x000000008a800000| Complete 
| 123|0x000000008c900000, 0x000000008ca00000, 0x000000008ca00000|100%| E|CS|TAMS 0x000000008c900000, 0x000000008c900000| Complete 

Card table byte_map: [0x00000280d6d80000,0x00000280d7160000] _byte_map_base: 0x00000280d6959000

Marking Bits (Prev, Next): (CMBitMap*) 0x00000280bf7acd80, (CMBitMap*) 0x00000280bf7acd40
 Prev Bits: [0x00000280d9410000, 0x00000280db2d8000)
 Next Bits: [0x00000280d7540000, 0x00000280d9408000)

Polling page: 0x00000280bd6c0000

Metaspace:

Usage:
  Non-class:     45.91 MB capacity,    45.54 MB (>99%) used,   295.16 KB ( <1%) free+waste,    78.44 KB ( <1%) overhead. 
      Class:      7.27 MB capacity,     7.08 MB ( 97%) used,   161.32 KB (  2%) free+waste,    31.75 KB ( <1%) overhead. 
       Both:     53.18 MB capacity,    52.63 MB ( 99%) used,   456.48 KB ( <1%) free+waste,   110.19 KB ( <1%) overhead. 

Virtual space:
  Non-class space:       46.00 MB reserved,      45.92 MB (>99%) committed 
      Class space:        1.00 GB reserved,       7.38 MB ( <1%) committed 
             Both:        1.04 GB reserved,      53.30 MB (  5%) committed 

Chunk freelists:
   Non-Class:  13.00 KB
       Class:  11.00 KB
        Both:  24.00 KB

MaxMetaspaceSize: 17179869184.00 GB
CompressedClassSpaceSize: 1.00 GB

CodeHeap 'non-profiled nmethods': size=238912Kb used=8634Kb max_used=8634Kb free=230277Kb
 bounds [0x00000280c8050000, 0x00000280c88c0000, 0x00000280d69a0000]
CodeHeap 'non-nmethods': size=6848Kb used=1319Kb max_used=1319Kb free=5528Kb
 bounds [0x00000280c79a0000, 0x00000280c7c10000, 0x00000280c8050000]
 total_blobs=6098 nmethods=5479 adapters=545
 compilation: enabled
              stopped_count=0, restarted_count=0
 full_count=0

Compilation events (20 events):
Event: 67.875 Thread 0x00000280dd7b8230 nmethod 5468 0x00000280c88bb490 code [0x00000280c88bb620, 0x00000280c88bb6b8]
Event: 68.291 Thread 0x00000280dd7b8230 5469       1       java.util.concurrent.ScheduledThreadPoolExecutor$ScheduledFutureTask::getDelay (16 bytes)
Event: 68.291 Thread 0x00000280dd7b8230 nmethod 5469 0x00000280c88bb790 code [0x00000280c88bb920, 0x00000280c88bba28]
Event: 68.291 Thread 0x00000280dd7b8230 5470       1       java.util.concurrent.TimeUnit::convert (77 bytes)
Event: 68.292 Thread 0x00000280dd7b8230 nmethod 5470 0x00000280c88bbb10 code [0x00000280c88bbd00, 0x00000280c88bbf08]
Event: 75.828 Thread 0x00000280dd7b8230 5471       1       java.nio.channels.spi.AbstractInterruptibleChannel::blockedOn (10 bytes)
Event: 75.828 Thread 0x00000280dd7b8230 nmethod 5471 0x00000280c88bc090 code [0x00000280c88bc240, 0x00000280c88bc478]
Event: 75.828 Thread 0x00000280dd7b8230 5472   !   1       java.lang.Thread::blockedOn (27 bytes)
Event: 75.828 Thread 0x00000280dd7b8230 nmethod 5472 0x00000280c88bc590 code [0x00000280c88bc720, 0x00000280c88bc8f8]
Event: 77.314 Thread 0x00000280dd7b8230 5473       1       java.util.concurrent.ThreadPoolExecutor::getQueue (5 bytes)
Event: 77.315 Thread 0x00000280dd7b8230 nmethod 5473 0x00000280c88bca10 code [0x00000280c88bcba0, 0x00000280c88bcc58]
Event: 77.892 Thread 0x00000280dd7b8230 5474       1       org.apache.catalina.LifecycleEvent::getType (5 bytes)
Event: 77.893 Thread 0x00000280dd7b8230 nmethod 5474 0x00000280c88bcd10 code [0x00000280c88bcea0, 0x00000280c88bcf58]
Event: 79.289 Thread 0x00000280dd7b8230 5475       1       java.util.concurrent.locks.AbstractQueuedSynchronizer$ConditionNode::isReleasable (23 bytes)
Event: 79.289 Thread 0x00000280dd7b8230 nmethod 5475 0x00000280c88bd010 code [0x00000280c88bd1a0, 0x00000280c88bd298]
Event: 80.862 Thread 0x00000280dd7b8230 5476   !   1       sun.nio.ch.SelectorImpl::processDeregisterQueue (145 bytes)
Event: 80.863 Thread 0x00000280dd7b8230 nmethod 5476 0x00000280c88bd310 code [0x00000280c88bd540, 0x00000280c88bd988]
Event: 83.300 Thread 0x00000280dd7b8230 5479       1       java.util.concurrent.locks.AbstractQueuedSynchronizer$Node::<init> (5 bytes)
Event: 83.300 Thread 0x00000280dd7b8230 nmethod 5479 0x00000280c88be590 code [0x00000280c88be720, 0x00000280c88be7d8]
Event: 87.298 Thread 0x00000280dd7b8230 5480   !   1       java.util.concurrent.locks.AbstractQueuedSynchronizer::acquire (407 bytes)

GC Heap History (20 events):
Event: 6.660 GC heap before
{Heap before GC invocations=4 (full 0):
 garbage-first heap   total 126976K, used 44466K [0x0000000084e00000, 0x0000000100000000)
  region size 1024K, 38 young (38912K), 5 survivors (5120K)
 Metaspace       used 20771K, capacity 21161K, committed 21296K, reserved 1067008K
  class space    used 2774K, capacity 2896K, committed 2944K, reserved 1048576K
}
Event: 6.672 GC heap after
{Heap after GC invocations=5 (full 0):
 garbage-first heap   total 126976K, used 13419K [0x0000000084e00000, 0x0000000100000000)
  region size 1024K, 6 young (6144K), 6 survivors (6144K)
 Metaspace       used 20771K, capacity 21161K, committed 21296K, reserved 1067008K
  class space    used 2774K, capacity 2896K, committed 2944K, reserved 1048576K
}
Event: 7.556 GC heap before
{Heap before GC invocations=6 (full 0):
 garbage-first heap   total 51200K, used 36971K [0x0000000084e00000, 0x0000000100000000)
  region size 1024K, 30 young (30720K), 6 survivors (6144K)
 Metaspace       used 24015K, capacity 24433K, committed 24624K, reserved 1071104K
  class space    used 3204K, capacity 3360K, committed 3456K, reserved 1048576K
}
Event: 7.579 GC heap after
{Heap after GC invocations=7 (full 0):
 garbage-first heap   total 51200K, used 16113K [0x0000000084e00000, 0x0000000100000000)
  region size 1024K, 3 young (3072K), 3 survivors (3072K)
 Metaspace       used 24015K, capacity 24433K, committed 24624K, reserved 1071104K
  class space    used 3204K, capacity 3360K, committed 3456K, reserved 1048576K
}
Event: 7.585 GC heap before
{Heap before GC invocations=7 (full 0):
 garbage-first heap   total 51200K, used 35569K [0x0000000084e00000, 0x0000000100000000)
  region size 1024K, 23 young (23552K), 3 survivors (3072K)
 Metaspace       used 24015K, capacity 24433K, committed 24624K, reserved 1071104K
  class space    used 3204K, capacity 3360K, committed 3456K, reserved 1048576K
}
Event: 7.592 GC heap after
{Heap after GC invocations=8 (full 0):
 garbage-first heap   total 61440K, used 15525K [0x0000000084e00000, 0x0000000100000000)
  region size 1024K, 1 young (1024K), 1 survivors (1024K)
 Metaspace       used 24015K, capacity 24433K, committed 24624K, reserved 1071104K
  class space    used 3204K, capacity 3360K, committed 3456K, reserved 1048576K
}
Event: 8.240 GC heap before
{Heap before GC invocations=8 (full 0):
 garbage-first heap   total 61440K, used 45221K [0x0000000084e00000, 0x0000000100000000)
  region size 1024K, 31 young (31744K), 1 survivors (1024K)
 Metaspace       used 26599K, capacity 27013K, committed 27184K, reserved 1073152K
  class space    used 3518K, capacity 3688K, committed 3712K, reserved 1048576K
}
Event: 8.246 GC heap after
{Heap after GC invocations=9 (full 0):
 garbage-first heap   total 61440K, used 16528K [0x0000000084e00000, 0x0000000100000000)
  region size 1024K, 2 young (2048K), 2 survivors (2048K)
 Metaspace       used 26599K, capacity 27013K, committed 27184K, reserved 1073152K
  class space    used 3518K, capacity 3688K, committed 3712K, reserved 1048576K
}
Event: 10.962 GC heap before
{Heap before GC invocations=9 (full 0):
 garbage-first heap   total 61440K, used 44176K [0x0000000084e00000, 0x0000000100000000)
  region size 1024K, 30 young (30720K), 2 survivors (2048K)
 Metaspace       used 35277K, capacity 35727K, committed 35888K, reserved 1081344K
  class space    used 4733K, capacity 4880K, committed 4992K, reserved 1048576K
}
Event: 10.968 GC heap after
{Heap after GC invocations=10 (full 0):
 garbage-first heap   total 61440K, used 19522K [0x0000000084e00000, 0x0000000100000000)
  region size 1024K, 4 young (4096K), 4 survivors (4096K)
 Metaspace       used 35277K, capacity 35727K, committed 35888K, reserved 1081344K
  class space    used 4733K, capacity 4880K, committed 4992K, reserved 1048576K
}
Event: 11.371 GC heap before
{Heap before GC invocations=11 (full 0):
 garbage-first heap   total 61440K, used 47170K [0x0000000084e00000, 0x0000000100000000)
  region size 1024K, 31 young (31744K), 4 survivors (4096K)
 Metaspace       used 37799K, capacity 38271K, committed 38448K, reserved 1083392K
  class space    used 5042K, capacity 5210K, committed 5248K, reserved 1048576K
}
Event: 11.378 GC heap after
{Heap after GC invocations=12 (full 0):
 garbage-first heap   total 61440K, used 20340K [0x0000000084e00000, 0x0000000100000000)
  region size 1024K, 1 young (1024K), 1 survivors (1024K)
 Metaspace       used 37799K, capacity 38271K, committed 38448K, reserved 1083392K
  class space    used 5042K, capacity 5210K, committed 5248K, reserved 1048576K
}
Event: 11.868 GC heap before
{Heap before GC invocations=13 (full 0):
 garbage-first heap   total 61440K, used 47988K [0x0000000084e00000, 0x0000000100000000)
  region size 1024K, 28 young (28672K), 1 survivors (1024K)
 Metaspace       used 41019K, capacity 41460K, committed 41648K, reserved 1085440K
  class space    used 5466K, capacity 5630K, committed 5632K, reserved 1048576K
}
Event: 11.874 GC heap after
{Heap after GC invocations=14 (full 0):
 garbage-first heap   total 61440K, used 20987K [0x0000000084e00000, 0x0000000100000000)
  region size 1024K, 2 young (2048K), 2 survivors (2048K)
 Metaspace       used 41019K, capacity 41460K, committed 41648K, reserved 1085440K
  class space    used 5466K, capacity 5630K, committed 5632K, reserved 1048576K
}
Event: 12.810 GC heap before
{Heap before GC invocations=14 (full 0):
 garbage-first heap   total 61440K, used 48635K [0x0000000084e00000, 0x0000000100000000)
  region size 1024K, 29 young (29696K), 2 survivors (2048K)
 Metaspace       used 46429K, capacity 46928K, committed 47024K, reserved 1089536K
  class space    used 6221K, capacity 6381K, committed 6400K, reserved 1048576K
}
Event: 12.816 GC heap after
{Heap after GC invocations=15 (full 0):
 garbage-first heap   total 61440K, used 22894K [0x0000000084e00000, 0x0000000100000000)
  region size 1024K, 4 young (4096K), 4 survivors (4096K)
 Metaspace       used 46429K, capacity 46928K, committed 47024K, reserved 1089536K
  class space    used 6221K, capacity 6381K, committed 6400K, reserved 1048576K
}
Event: 13.248 GC heap before
{Heap before GC invocations=15 (full 0):
 garbage-first heap   total 61440K, used 48494K [0x0000000084e00000, 0x0000000100000000)
  region size 1024K, 29 young (29696K), 4 survivors (4096K)
 Metaspace       used 48356K, capacity 48855K, committed 49200K, reserved 1091584K
  class space    used 6531K, capacity 6678K, committed 6784K, reserved 1048576K
}
Event: 13.256 GC heap after
{Heap after GC invocations=16 (full 0):
 garbage-first heap   total 61440K, used 24584K [0x0000000084e00000, 0x0000000100000000)
  region size 1024K, 4 young (4096K), 4 survivors (4096K)
 Metaspace       used 48356K, capacity 48855K, committed 49200K, reserved 1091584K
  class space    used 6531K, capacity 6678K, committed 6784K, reserved 1048576K
}
Event: 13.928 GC heap before
{Heap before GC invocations=16 (full 0):
 garbage-first heap   total 61440K, used 47112K [0x0000000084e00000, 0x0000000100000000)
  region size 1024K, 27 young (27648K), 4 survivors (4096K)
 Metaspace       used 52218K, capacity 52755K, committed 53040K, reserved 1095680K
  class space    used 7022K, capacity 7204K, committed 7296K, reserved 1048576K
}
Event: 13.936 GC heap after
{Heap after GC invocations=17 (full 0):
 garbage-first heap   total 61440K, used 26441K [0x0000000084e00000, 0x0000000100000000)
  region size 1024K, 4 young (4096K), 4 survivors (4096K)
 Metaspace       used 52218K, capacity 52755K, committed 53040K, reserved 1095680K
  class space    used 7022K, capacity 7204K, committed 7296K, reserved 1048576K
}

Deoptimization events (4 events):
Event: 5.952 Thread 0x00000280bf76eea0 DEOPT PACKING pc=0x00000280c83196d4 sp=0x000000f0ebdfd6c0
Event: 5.952 Thread 0x00000280bf76eea0 DEOPT UNPACKING pc=0x00000280c79ee23f sp=0x000000f0ebdfcc18 mode 0
Event: 12.702 Thread 0x00000280bf76eea0 DEOPT PACKING pc=0x00000280c835f4c2 sp=0x000000f0ebdfcbe0
Event: 12.702 Thread 0x00000280bf76eea0 DEOPT UNPACKING pc=0x00000280c79ee23f sp=0x000000f0ebdfc0e8 mode 3

Classes unloaded (0 events):
No events

Classes redefined (0 events):
No events

Internal exceptions (20 events):
Event: 13.120 Thread 0x00000280bf76eea0 Exception <a 'java/lang/ClassNotFoundException'{0x0000000087b7b9a0}: org/springframework/context/ApplicationContextAwareCustomizer> (0x0000000087b7b9a0) 
thrown [./open/src/hotspot/share/classfile/systemDictionary.cpp, line 295]
Event: 13.121 Thread 0x00000280bf76eea0 Exception <a 'java/lang/ClassNotFoundException'{0x0000000087b81180}: org/springframework/beans/factory/AwareCustomizer> (0x0000000087b81180) 
thrown [./open/src/hotspot/share/classfile/systemDictionary.cpp, line 295]
Event: 13.121 Thread 0x00000280bf76eea0 Exception <a 'java/lang/ClassNotFoundException'{0x0000000087b85118}: org/springframework/web/context/ServletContextAwareCustomizer> (0x0000000087b85118) 
thrown [./open/src/hotspot/share/classfile/systemDictionary.cpp, line 295]
Event: 13.121 Thread 0x00000280bf76eea0 Exception <a 'java/lang/ClassNotFoundException'{0x0000000087b8a180}: org/springframework/beans/factory/AwareCustomizer> (0x0000000087b8a180) 
thrown [./open/src/hotspot/share/classfile/systemDictionary.cpp, line 295]
Event: 13.204 Thread 0x00000280bf76eea0 Exception <a 'java/lang/reflect/InvocationTargetException'{0x000000008753c400}> (0x000000008753c400) 
thrown [./open/src/hotspot/share/runtime/reflection.cpp, line 1157]
Event: 13.456 Thread 0x00000280bf76eea0 Exception <a 'java/lang/ClassNotFoundException'{0x000000008825d7b8}: java/lang/ObjectCustomizer> (0x000000008825d7b8) 
thrown [./open/src/hotspot/share/classfile/systemDictionary.cpp, line 295]
Event: 13.457 Thread 0x00000280bf76eea0 Exception <a 'java/lang/ClassNotFoundException'{0x0000000088264f78}: org/springframework/security/config/annotation/web/configuration/WebSecurityConfigurationCustomizer> (0x0000000088264f78) 
thrown [./open/src/hotspot/share/classfile/systemDictionary.cpp, line 295]
Event: 13.457 Thread 0x00000280bf76eea0 Exception <a 'java/lang/ClassNotFoundException'{0x00000000882732c8}: org/springframework/context/annotation/ImportAwareCustomizer> (0x00000000882732c8) 
thrown [./open/src/hotspot/share/classfile/systemDictionary.cpp, line 295]
Event: 13.458 Thread 0x00000280bf76eea0 Exception <a 'java/lang/ClassNotFoundException'{0x0000000088277728}: org/springframework/beans/factory/AwareCustomizer> (0x0000000088277728) 
thrown [./open/src/hotspot/share/classfile/systemDictionary.cpp, line 295]
Event: 13.458 Thread 0x00000280bf76eea0 Exception <a 'java/lang/ClassNotFoundException'{0x000000008827afa8}: org/springframework/beans/factory/BeanClassLoaderAwareCustomizer> (0x000000008827afa8) 
thrown [./open/src/hotspot/share/classfile/systemDictionary.cpp, line 295]
Event: 13.458 Thread 0x00000280bf76eea0 Exception <a 'java/lang/ClassNotFoundException'{0x000000008827f418}: org/springframework/beans/factory/AwareCustomizer> (0x000000008827f418) 
thrown [./open/src/hotspot/share/classfile/systemDictionary.cpp, line 295]
Event: 13.896 Thread 0x00000280bf76eea0 Exception <a 'java/lang/IncompatibleClassChangeError'{0x00000000874766c0}: Found class java.lang.Object, but interface was expected> (0x00000000874766c0) 
thrown [./open/src/hotspot/share/interpreter/linkResolver.cpp, line 848]
Event: 13.944 Thread 0x00000280bf76eea0 Exception <a 'java/lang/ClassNotFoundException'{0x000000008c95a218}: java/lang/ObjectCustomizer> (0x000000008c95a218) 
thrown [./open/src/hotspot/share/classfile/systemDictionary.cpp, line 295]
Event: 13.944 Thread 0x00000280bf76eea0 Exception <a 'java/lang/ClassNotFoundException'{0x000000008c961710}: org/springframework/security/config/annotation/web/configuration/HttpSecurityConfigurationCustomizer> (0x000000008c961710) 
thrown [./open/src/hotspot/share/classfile/systemDictionary.cpp, line 295]
Event: 13.980 Thread 0x00000280bf76eea0 Exception <a 'java/lang/NoSuchMethodError'{0x000000008a8b27f8}: 'void java.lang.invoke.DirectMethodHandle$Holder.invokeVirtual(java.lang.Object, java.lang.Object, int)'> (0x000000008a8b27f8) 
thrown [./open/src/hotspot/share/interpreter/linkResolver.cpp, line 782]
Event: 13.982 Thread 0x00000280bf76eea0 Exception <a 'java/lang/NoSuchMethodError'{0x000000008a8ced90}: 'void java.lang.invoke.DirectMethodHandle$Holder.invokeVirtual(java.lang.Object, java.lang.Object, long)'> (0x000000008a8ced90) 
thrown [./open/src/hotspot/share/interpreter/linkResolver.cpp, line 782]
Event: 14.249 Thread 0x00000280bf76eea0 Exception <a 'java/lang/NoSuchMethodError'{0x0000000087e1dff8}: 'java.lang.Object java.lang.invoke.DirectMethodHandle$Holder.invokeSpecial(java.lang.Object, java.lang.Object, int, java.lang.Object, int, java.lang.Object)'> (0x0000000087e1dff8) 
thrown [./open/src/hotspot/share/interpreter/linkResolver.cpp, line 782]
Event: 14.251 Thread 0x00000280bf76eea0 Exception <a 'java/lang/NoSuchMethodError'{0x0000000087e267e0}: 'java.lang.Object java.lang.invoke.DirectMethodHandle$Holder.newInvokeSpecial(java.lang.Object, java.lang.Object, int, java.lang.Object, int)'> (0x0000000087e267e0) 
thrown [./open/src/hotspot/share/interpreter/linkResolver.cpp, line 782]
Event: 14.252 Thread 0x00000280bf76eea0 Exception <a 'java/lang/NoSuchMethodError'{0x0000000087e2a9f0}: 'java.lang.Object java.lang.invoke.DirectMethodHandle$Holder.invokeSpecial(java.lang.Object, java.lang.Object, java.lang.Object, int, java.lang.Object, int)'> (0x0000000087e2a9f0) 
thrown [./open/src/hotspot/share/interpreter/linkResolver.cpp, line 782]
Event: 14.255 Thread 0x00000280bf76eea0 Exception <a 'java/lang/NoSuchMethodError'{0x0000000087e350a0}: 'void java.lang.invoke.DirectMethodHandle$Holder.invokeVirtual(java.lang.Object, java.lang.Object)'> (0x0000000087e350a0) 
thrown [./open/src/hotspot/share/interpreter/linkResolver.cpp, line 782]

Events (20 events):
Event: 14.809 loading class javax/management/remote/rmi/RMIConnector$Util
Event: 14.809 loading class javax/management/remote/rmi/RMIConnector$Util done
Event: 14.815 Thread 0x00000280e25968c0 Thread added: 0x00000280e25968c0
Event: 14.816 Thread 0x00000280e2592560 Thread added: 0x00000280e2592560
Event: 14.822 loading class javax/management/remote/rmi/RMIConnectionImpl$6
Event: 14.822 loading class javax/management/remote/rmi/RMIConnectionImpl$6 done
Event: 14.822 loading class javax/management/remote/rmi/RMIConnectionImpl$7
Event: 14.822 loading class javax/management/remote/rmi/RMIConnectionImpl$7 done
Event: 14.822 loading class com/sun/jmx/remote/util/OrderClassLoaders
Event: 14.822 loading class com/sun/jmx/remote/util/OrderClassLoaders done
Event: 14.822 loading class java/rmi/MarshalledObject$MarshalledObjectInputStream
Event: 14.823 loading class java/rmi/MarshalledObject$MarshalledObjectInputStream done
Event: 14.824 Thread 0x00000280e2592560 Thread exited: 0x00000280e2592560
Event: 14.828 Thread 0x00000280e2595f20 Thread added: 0x00000280e2595f20
Event: 14.848 Thread 0x00000280e2595f20 Thread exited: 0x00000280e2595f20
Event: 14.855 Thread 0x00000280e258f540 Thread exited: 0x00000280e258f540
Event: 14.941 Executing VM operation: HandshakeAllThreads
Event: 14.941 Executing VM operation: HandshakeAllThreads done
Event: 16.625 Thread 0x00000280dfd556e0 Thread exited: 0x00000280dfd556e0
Event: 75.750 Thread 0x00000280e25968c0 Thread exited: 0x00000280e25968c0


Dynamic libraries:
0x00007ff7ab0e0000 - 0x00007ff7ab0ed000 	C:\Users\as nest\.jdks\openjdk-15.0.2\bin\java.exe
0x00007ffd2a610000 - 0x00007ffd2a805000 	C:\WINDOWS\SYSTEM32\ntdll.dll
0x00007ffd2a180000 - 0x00007ffd2a23d000 	C:\WINDOWS\System32\KERNEL32.DLL
0x00007ffd27d50000 - 0x00007ffd28018000 	C:\WINDOWS\System32\KERNELBASE.dll
0x00007ffd28570000 - 0x00007ffd28670000 	C:\WINDOWS\System32\ucrtbase.dll
0x00007ffd01410000 - 0x00007ffd01428000 	C:\Users\as nest\.jdks\openjdk-15.0.2\bin\jli.dll
0x00007ffd29e80000 - 0x00007ffd2a020000 	C:\WINDOWS\System32\USER32.dll
0x00007ffd28180000 - 0x00007ffd281a2000 	C:\WINDOWS\System32\win32u.dll
0x00007ffd29a20000 - 0x00007ffd29a4a000 	C:\WINDOWS\System32\GDI32.dll
0x00007ffd282e0000 - 0x00007ffd283eb000 	C:\WINDOWS\System32\gdi32full.dll
0x00007ffd283f0000 - 0x00007ffd2848d000 	C:\WINDOWS\System32\msvcp_win.dll
0x00007ffd013f0000 - 0x00007ffd01409000 	C:\Users\as nest\.jdks\openjdk-15.0.2\bin\VCRUNTIME140.dll
0x00007ffd0f9b0000 - 0x00007ffd0fc4a000 	C:\WINDOWS\WinSxS\amd64_microsoft.windows.common-controls_6595b64144ccf1df_6.0.19041.844_none_ca00b6081b84eb1d\COMCTL32.dll
0x00007ffd2a240000 - 0x00007ffd2a2de000 	C:\WINDOWS\System32\msvcrt.dll
0x00007ffd29e50000 - 0x00007ffd29e80000 	C:\WINDOWS\System32\IMM32.DLL
0x00007ffd22390000 - 0x00007ffd2239c000 	C:\Users\as nest\.jdks\openjdk-15.0.2\bin\vcruntime140_1.dll
0x00007ffcf5750000 - 0x00007ffcf57e1000 	C:\Users\as nest\.jdks\openjdk-15.0.2\bin\msvcp140.dll
0x00007ffccff00000 - 0x00007ffcd0a5e000 	C:\Users\as nest\.jdks\openjdk-15.0.2\bin\server\jvm.dll
0x00007ffd28a30000 - 0x00007ffd28adc000 	C:\WINDOWS\System32\ADVAPI32.dll
0x00007ffd297d0000 - 0x00007ffd2986b000 	C:\WINDOWS\System32\sechost.dll
0x00007ffd28ae0000 - 0x00007ffd28c0b000 	C:\WINDOWS\System32\RPCRT4.dll
0x00007ffd29ab0000 - 0x00007ffd29ab8000 	C:\WINDOWS\System32\PSAPI.DLL
0x00007ffd25d10000 - 0x00007ffd25d19000 	C:\WINDOWS\SYSTEM32\WSOCK32.dll
0x00007ffd29be0000 - 0x00007ffd29c4b000 	C:\WINDOWS\System32\WS2_32.dll
0x00007ffd1aae0000 - 0x00007ffd1ab07000 	C:\WINDOWS\SYSTEM32\WINMM.dll
0x00007ffd1b470000 - 0x00007ffd1b47a000 	C:\WINDOWS\SYSTEM32\VERSION.dll
0x00007ffd26620000 - 0x00007ffd26632000 	C:\WINDOWS\SYSTEM32\kernel.appcore.dll
0x00007ffd21c50000 - 0x00007ffd21c5a000 	C:\Users\as nest\.jdks\openjdk-15.0.2\bin\jimage.dll
0x00007ffd18830000 - 0x00007ffd18a14000 	C:\WINDOWS\SYSTEM32\DBGHELP.DLL
0x00007ffd18750000 - 0x00007ffd1877c000 	C:\WINDOWS\SYSTEM32\dbgcore.DLL
0x00007ffd28490000 - 0x00007ffd28510000 	C:\WINDOWS\System32\bcryptPrimitives.dll
0x00007ffd19470000 - 0x00007ffd1947e000 	C:\Users\as nest\.jdks\openjdk-15.0.2\bin\instrument.dll
0x00007ffd013c0000 - 0x00007ffd013e5000 	C:\Users\as nest\.jdks\openjdk-15.0.2\bin\java.dll
0x00007ffd28c10000 - 0x00007ffd29352000 	C:\WINDOWS\System32\SHELL32.dll
0x00007ffd25d30000 - 0x00007ffd264c0000 	C:\WINDOWS\SYSTEM32\windows.storage.dll
0x00007ffd28670000 - 0x00007ffd289c5000 	C:\WINDOWS\System32\combase.dll
0x00007ffd277c0000 - 0x00007ffd277ec000 	C:\WINDOWS\SYSTEM32\Wldp.dll
0x00007ffd2a020000 - 0x00007ffd2a0ce000 	C:\WINDOWS\System32\SHCORE.dll
0x00007ffd289d0000 - 0x00007ffd28a25000 	C:\WINDOWS\System32\shlwapi.dll
0x00007ffd27c90000 - 0x00007ffd27caf000 	C:\WINDOWS\SYSTEM32\profapi.dll
0x00007ffd002e0000 - 0x00007ffd002f8000 	C:\Users\as nest\.jdks\openjdk-15.0.2\bin\zip.dll
0x00007ffd01030000 - 0x00007ffd01049000 	C:\Users\as nest\.jdks\openjdk-15.0.2\bin\net.dll
0x00007ffd264c0000 - 0x00007ffd265cb000 	C:\WINDOWS\SYSTEM32\WINHTTP.dll
0x00007ffd27530000 - 0x00007ffd2759a000 	C:\WINDOWS\system32\mswsock.dll
0x00007ffd00f00000 - 0x00007ffd00f12000 	C:\Users\as nest\.jdks\openjdk-15.0.2\bin\nio.dll
0x00007ffd00250000 - 0x00007ffd0026a000 	C:\Program Files\JetBrains\IntelliJ IDEA 2021.1.1\bin\breakgen64.dll
0x00007ffd27220000 - 0x00007ffd272ec000 	C:\WINDOWS\SYSTEM32\DNSAPI.dll
0x00007ffd271d0000 - 0x00007ffd2720b000 	C:\WINDOWS\SYSTEM32\IPHLPAPI.DLL
0x00007ffd29ac0000 - 0x00007ffd29ac8000 	C:\WINDOWS\System32\NSI.dll
0x00007ffd19b70000 - 0x00007ffd19b7a000 	C:\Windows\System32\rasadhlp.dll
0x00007ffd1a400000 - 0x00007ffd1a47f000 	C:\WINDOWS\System32\fwpuclnt.dll
0x00007ffd28200000 - 0x00007ffd28227000 	C:\WINDOWS\System32\bcrypt.dll
0x00007ffd15110000 - 0x00007ffd15119000 	C:\Users\as nest\.jdks\openjdk-15.0.2\bin\management.dll
0x00007ffd12200000 - 0x00007ffd1220b000 	C:\Users\as nest\.jdks\openjdk-15.0.2\bin\management_ext.dll
0x00007ffd27710000 - 0x00007ffd27728000 	C:\WINDOWS\SYSTEM32\CRYPTSP.dll
0x00007ffd26e60000 - 0x00007ffd26e94000 	C:\WINDOWS\system32\rsaenh.dll
0x00007ffd27c10000 - 0x00007ffd27c3e000 	C:\WINDOWS\SYSTEM32\USERENV.dll
0x00007ffd27700000 - 0x00007ffd2770c000 	C:\WINDOWS\SYSTEM32\CRYPTBASE.dll
0x00007ffd1fc60000 - 0x00007ffd1fc77000 	C:\WINDOWS\SYSTEM32\dhcpcsvc6.DLL
0x00007ffd1fef0000 - 0x00007ffd1ff0d000 	C:\WINDOWS\SYSTEM32\dhcpcsvc.DLL
0x00007ffd103e0000 - 0x00007ffd103f7000 	C:\WINDOWS\system32\napinsp.dll
0x00007ffd103c0000 - 0x00007ffd103db000 	C:\WINDOWS\system32\pnrpnsp.dll
0x00007ffd22e00000 - 0x00007ffd22e15000 	C:\WINDOWS\system32\wshbth.dll
0x00007ffd23660000 - 0x00007ffd2367d000 	C:\WINDOWS\system32\NLAapi.dll
0x00007ffd103a0000 - 0x00007ffd103b2000 	C:\WINDOWS\System32\winrnr.dll
0x00007ffd10ce0000 - 0x00007ffd10ced000 	C:\Users\as nest\.jdks\openjdk-15.0.2\bin\sunmscapi.dll
0x00007ffd28020000 - 0x00007ffd2817f000 	C:\WINDOWS\System32\CRYPT32.dll
0x00007ffd27830000 - 0x00007ffd27857000 	C:\WINDOWS\SYSTEM32\ncrypt.dll
0x00007ffd277f0000 - 0x00007ffd2782b000 	C:\WINDOWS\SYSTEM32\NTASN1.dll

dbghelp: loaded successfully - version: 4.0.5 - missing functions: none
symbol engine: initialized successfully - sym options: 0x614 - pdb path: .;C:\Users\as nest\.jdks\openjdk-15.0.2\bin;C:\WINDOWS\SYSTEM32;C:\WINDOWS\WinSxS\amd64_microsoft.windows.common-controls_6595b64144ccf1df_6.0.19041.844_none_ca00b6081b84eb1d;C:\Users\as nest\.jdks\openjdk-15.0.2\bin\server;C:\Program Files\JetBrains\IntelliJ IDEA 2021.1.1\bin

VM Arguments:
jvm_args: -XX:TieredStopAtLevel=1 -Xverify:none -Dspring.output.ansi.enabled=always -javaagent:C:\Program Files\JetBrains\IntelliJ IDEA 2021.1.1\lib\idea_rt.jar=60175:C:\Program Files\JetBrains\IntelliJ IDEA 2021.1.1\bin -Dcom.sun.management.jmxremote -Dspring.jmx.enabled=true -Dspring.liveBeansView.mbeanDomain -Dspring.application.admin.enabled=true -Dfile.encoding=UTF-8 
java_command: com.marsor.UniversityApplication
java_class_path (initial): E:\APLICATIE EXAMEN\SPRING\target\classes;C:\Users\as nest\.m2\repository\org\springframework\boot\spring-boot-starter-data-jpa\2.4.5\spring-boot-starter-data-jpa-2.4.5.jar;C:\Users\as nest\.m2\repository\org\springframework\boot\spring-boot-starter-aop\2.4.5\spring-boot-starter-aop-2.4.5.jar;C:\Users\as nest\.m2\repository\org\aspectj\aspectjweaver\1.9.6\aspectjweaver-1.9.6.jar;C:\Users\as nest\.m2\repository\org\springframework\boot\spring-boot-starter-jdbc\2.4.5\spring-boot-starter-jdbc-2.4.5.jar;C:\Users\as nest\.m2\repository\com\zaxxer\HikariCP\3.4.5\HikariCP-3.4.5.jar;C:\Users\as nest\.m2\repository\org\springframework\spring-jdbc\5.3.6\spring-jdbc-5.3.6.jar;C:\Users\as nest\.m2\repository\jakarta\transaction\jakarta.transaction-api\1.3.3\jakarta.transaction-api-1.3.3.jar;C:\Users\as nest\.m2\repository\jakarta\persistence\jakarta.persistence-api\2.2.3\jakarta.persistence-api-2.2.3.jar;C:\Users\as nest\.m2\repository\org\hibernate\hibernate-core\5.4.30.Final\hibernate-core-5.4.30.Final.jar;C:\Users\as nest\.m2\repository\antlr\antlr\2.7.7\antlr-2.7.7.jar;C:\Users\as nest\.m2\repository\org\jboss\jandex\2.2.3.Final\jandex-2.2.3.Final.jar;C:\Users\as nest\.m2\repository\com\fasterxml\classmate\1.5.1\classmate-1.5.1.jar;C:\Users\as nest\.m2\repository\org\dom4j\dom4j\2.1.3\dom4j-2.1.3.jar;C:\Users\as nest\.m2\repository\org\glassfish\jaxb\jaxb-runtime\2.3.4\jaxb-runtime-2.3.4.jar;C:\Users\as nest\.m2\repository\org\glassfish\jaxb\txw2\2.3.4\txw2-2.3.4.jar;C:\Users\as nest\.m2\repository\com\sun\istack\istack-commons-runtime\3.0.12\istack-commons-runtime-3.0.12.jar;C:\Users\as nest\.m2\repository\com\sun\activation\jakarta.activation\1.2.2\jakarta.activation-1.2.2.jar;C:\Users\as nest\.m2\repository\org\springframework\data\spring-data-jpa\2.4.8\spring-data-jpa-2.4.8.jar;C:\Users\as nest\.m2\repository\org\springframework\data\spring-data-commons\2.4.8\spring-data-commons-2.4.8.jar;C:\Users\as nest\.m2\repository\org\springframework\s
Launcher Type: SUN_STANDARD

[Global flags]
     intx CICompilerCount                          = 3                                         {product} {ergonomic}
     uint ConcGCThreads                            = 1                                         {product} {ergonomic}
     uint G1ConcRefinementThreads                  = 4                                         {product} {ergonomic}
   size_t G1HeapRegionSize                         = 1048576                                   {product} {ergonomic}
    uintx GCDrainStackTargetSize                   = 64                                        {product} {ergonomic}
   size_t InitialHeapSize                          = 130023424                                 {product} {ergonomic}
     bool ManagementServer                         = true                                      {product} {command line}
   size_t MarkStackSize                            = 4194304                                   {product} {ergonomic}
   size_t MaxHeapSize                              = 2065694720                                {product} {ergonomic}
   size_t MaxNewSize                               = 1239416832                                {product} {ergonomic}
   size_t MinHeapDeltaBytes                        = 1048576                                   {product} {ergonomic}
   size_t MinHeapSize                              = 8388608                                   {product} {ergonomic}
    uintx NonNMethodCodeHeapSize                   = 6973028                                {pd product} {ergonomic}
    uintx NonProfiledCodeHeapSize                  = 244685212                              {pd product} {ergonomic}
    uintx ProfiledCodeHeapSize                     = 0                                      {pd product} {ergonomic}
    uintx ReservedCodeCacheSize                    = 251658240                              {pd product} {ergonomic}
     bool SegmentedCodeCache                       = true                                      {product} {ergonomic}
   size_t SoftMaxHeapSize                          = 2065694720                             {manageable} {ergonomic}
     intx TieredStopAtLevel                        = 1                                         {product} {command line}
     bool UseCompressedClassPointers               = true                                 {lp64_product} {ergonomic}
     bool UseCompressedOops                        = true                                 {lp64_product} {ergonomic}
     bool UseG1GC                                  = true                                      {product} {ergonomic}
     bool UseLargePagesIndividualAllocation        = false                                  {pd product} {ergonomic}

Logging:
Log output configuration:
 #0: stdout all=warning uptime,level,tags
 #1: stderr all=off uptime,level,tags

Environment Variables:
JAVA_HOME=C:\Program Files\Java\jdk1.8.0_271
PATH=C:\Python39\Scripts\;C:\Python39\;C:\Program Files (x86)\Common Files\Oracle\Java\javapath;C:\WINDOWS\system32;C:\WINDOWS;C:\WINDOWS\System32\Wbem;C:\WINDOWS\System32\WindowsPowerShell\v1.0\;C:\WINDOWS\System32\OpenSSH\;C:\Program Files\Git\cmd;C:\Program Files\Java\jdk1.8.0_271\bin;C:\ProgramData\chocolatey\bin;C:\Program Files\nodejs\;C:\Program Files\MySQL\MySQL Shell 8.0\bin\;C:\Users\as nest\AppData\Local\Microsoft\WindowsApps;C:\Users\as nest\AppData\Local\Programs\Microsoft VS Code\bin;C:\Users\as nest\AppData\Roaming\npm;;C:\Program Files\JetBrains\IntelliJ IDEA 2021.1.1\bin;
USERNAME=as nest
OS=Windows_NT
PROCESSOR_IDENTIFIER=Intel64 Family 6 Model 60 Stepping 3, GenuineIntel



---------------  S Y S T E M  ---------------

OS:
 Windows 10 , 64 bit Build 19041 (10.0.19041.928)
OS uptime: 9 days 22:34 hours

CPU: total 4 (initial active 4) (2 cores per cpu, 2 threads per core) family 6 model 60 stepping 3 microcode 0x27, cmov, cx8, fxsr, mmx, sse, sse2, sse3, ssse3, sse4.1, sse4.2, popcnt, vzeroupper, avx, avx2, aes, clmul, erms, lzcnt, ht, tsc, tscinvbit, bmi1, bmi2, fma, clflush

Memory: 4k page, system-wide physical 7879M (416M free)
TotalPageFile size 10678M (AvailPageFile size 0M)
current process WorkingSet (physical memory assigned to process): 184M, peak: 187M
current process commit charge ("private bytes"): 219M, peak: 235M

vm_info: OpenJDK 64-Bit Server VM (15.0.2+7-27) for windows-amd64 JRE (15.0.2+7-27), built on Dec  7 2020 20:02:38 by "mach5one" with unknown MS VC++:1925

END.
